<?xml version="1.0" encoding="UTF-8"?>
<testsuite name="io.turntabl.Spring.Web.controller.MathsTest" tests="2" skipped="0" failures="0" errors="0" timestamp="2019-11-20T17:07:43" hostname="ip-172-31-22-82" time="0.019">
  <properties/>
  <testcase name="subtraction()" classname="io.turntabl.Spring.Web.controller.MathsTest" time="0.017"/>
  <testcase name="addTest()" classname="io.turntabl.Spring.Web.controller.MathsTest" time="0.001"/>
  <system-out><![CDATA[]]></system-out>
  <system-err><![CDATA[]]></system-err>
</testsuite>
