<?xml version="1.0" encoding="UTF-8"?>
<testsuite name="io.turntabl.Spring.Web.SpringWebApplicationTests" tests="1" skipped="0" failures="0" errors="0" timestamp="2019-11-20T17:07:46" hostname="ip-172-31-22-82" time="0.25">
  <properties/>
  <testcase name="contextLoads()" classname="io.turntabl.Spring.Web.SpringWebApplicationTests" time="0.25"/>
  <system-out><![CDATA[17:07:43.397 [Test worker] DEBUG org.springframework.test.context.BootstrapUtils - Instantiating CacheAwareContextLoaderDelegate from class [org.springframework.test.context.cache.DefaultCacheAwareContextLoaderDelegate]
17:07:43.413 [Test worker] DEBUG org.springframework.test.context.BootstrapUtils - Instantiating BootstrapContext using constructor [public org.springframework.test.context.support.DefaultBootstrapContext(java.lang.Class,org.springframework.test.context.CacheAwareContextLoaderDelegate)]
17:07:43.442 [Test worker] DEBUG org.springframework.test.context.BootstrapUtils - Instantiating TestContextBootstrapper for test class [io.turntabl.Spring.Web.SpringWebApplicationTests] from class [org.springframework.boot.test.context.SpringBootTestContextBootstrapper]
17:07:43.457 [Test worker] INFO org.springframework.boot.test.context.SpringBootTestContextBootstrapper - Neither @ContextConfiguration nor @ContextHierarchy found for test class [io.turntabl.Spring.Web.SpringWebApplicationTests], using SpringBootContextLoader
17:07:43.461 [Test worker] DEBUG org.springframework.test.context.support.AbstractContextLoader - Did not detect default resource location for test class [io.turntabl.Spring.Web.SpringWebApplicationTests]: class path resource [io/turntabl/Spring/Web/SpringWebApplicationTests-context.xml] does not exist
17:07:43.462 [Test worker] DEBUG org.springframework.test.context.support.AbstractContextLoader - Did not detect default resource location for test class [io.turntabl.Spring.Web.SpringWebApplicationTests]: class path resource [io/turntabl/Spring/Web/SpringWebApplicationTestsContext.groovy] does not exist
17:07:43.462 [Test worker] INFO org.springframework.test.context.support.AbstractContextLoader - Could not detect default resource locations for test class [io.turntabl.Spring.Web.SpringWebApplicationTests]: no resource found for suffixes {-context.xml, Context.groovy}.
17:07:43.463 [Test worker] INFO org.springframework.test.context.support.AnnotationConfigContextLoaderUtils - Could not detect default configuration classes for test class [io.turntabl.Spring.Web.SpringWebApplicationTests]: SpringWebApplicationTests does not declare any static, non-private, non-final, nested classes annotated with @Configuration.
17:07:43.498 [Test worker] DEBUG org.springframework.test.context.support.ActiveProfilesUtils - Could not find an 'annotation declaring class' for annotation type [org.springframework.test.context.ActiveProfiles] and class [io.turntabl.Spring.Web.SpringWebApplicationTests]
17:07:43.566 [Test worker] DEBUG org.springframework.context.annotation.ClassPathScanningCandidateComponentProvider - Identified candidate component class: file [/home/isaac-agyen/Spring-Web/build/classes/java/main/io/turntabl/Spring/Web/SpringWebApplication.class]
17:07:43.566 [Test worker] INFO org.springframework.boot.test.context.SpringBootTestContextBootstrapper - Found @SpringBootConfiguration io.turntabl.Spring.Web.SpringWebApplication for test class io.turntabl.Spring.Web.SpringWebApplicationTests
17:07:43.645 [Test worker] DEBUG org.springframework.boot.test.context.SpringBootTestContextBootstrapper - @TestExecutionListeners is not present for class [io.turntabl.Spring.Web.SpringWebApplicationTests]: using defaults.
17:07:43.646 [Test worker] INFO org.springframework.boot.test.context.SpringBootTestContextBootstrapper - Loaded default TestExecutionListener class names from location [META-INF/spring.factories]: [org.springframework.boot.test.autoconfigure.restdocs.RestDocsTestExecutionListener, org.springframework.boot.test.autoconfigure.web.client.MockRestServiceServerResetTestExecutionListener, org.springframework.boot.test.autoconfigure.web.servlet.MockMvcPrintOnlyOnFailureTestExecutionListener, org.springframework.boot.test.autoconfigure.web.servlet.WebDriverTestExecutionListener, org.springframework.boot.test.mock.mockito.MockitoTestExecutionListener, org.springframework.boot.test.mock.mockito.ResetMocksTestExecutionListener, org.springframework.test.context.web.ServletTestExecutionListener, org.springframework.test.context.support.DirtiesContextBeforeModesTestExecutionListener, org.springframework.test.context.support.DependencyInjectionTestExecutionListener, org.springframework.test.context.support.DirtiesContextTestExecutionListener, org.springframework.test.context.transaction.TransactionalTestExecutionListener, org.springframework.test.context.jdbc.SqlScriptsTestExecutionListener, org.springframework.test.context.event.EventPublishingTestExecutionListener]
17:07:43.655 [Test worker] DEBUG org.springframework.boot.test.context.SpringBootTestContextBootstrapper - Skipping candidate TestExecutionListener [org.springframework.test.context.transaction.TransactionalTestExecutionListener] due to a missing dependency. Specify custom listener classes or make the default listener classes and their required dependencies available. Offending class: [org/springframework/transaction/interceptor/TransactionAttributeSource]
17:07:43.655 [Test worker] DEBUG org.springframework.boot.test.context.SpringBootTestContextBootstrapper - Skipping candidate TestExecutionListener [org.springframework.test.context.jdbc.SqlScriptsTestExecutionListener] due to a missing dependency. Specify custom listener classes or make the default listener classes and their required dependencies available. Offending class: [org/springframework/transaction/interceptor/TransactionAttribute]
17:07:43.656 [Test worker] INFO org.springframework.boot.test.context.SpringBootTestContextBootstrapper - Using TestExecutionListeners: [org.springframework.test.context.web.ServletTestExecutionListener@476b2572, org.springframework.test.context.support.DirtiesContextBeforeModesTestExecutionListener@726bbdd6, org.springframework.boot.test.mock.mockito.MockitoTestExecutionListener@4c259bbf, org.springframework.boot.test.autoconfigure.SpringBootDependencyInjectionTestExecutionListener@3074a9f8, org.springframework.test.context.support.DirtiesContextTestExecutionListener@2e2a5a31, org.springframework.test.context.event.EventPublishingTestExecutionListener@100d72f, org.springframework.boot.test.autoconfigure.restdocs.RestDocsTestExecutionListener@61985cd3, org.springframework.boot.test.autoconfigure.web.client.MockRestServiceServerResetTestExecutionListener@74361271, org.springframework.boot.test.autoconfigure.web.servlet.MockMvcPrintOnlyOnFailureTestExecutionListener@8b13514, org.springframework.boot.test.autoconfigure.web.servlet.WebDriverTestExecutionListener@f8f2282, org.springframework.boot.test.mock.mockito.ResetMocksTestExecutionListener@2cd28964]
17:07:43.659 [Test worker] DEBUG org.springframework.test.context.support.AbstractDirtiesContextTestExecutionListener - Before test class: context [DefaultTestContext@72f94087 testClass = SpringWebApplicationTests, testInstance = [null], testMethod = [null], testException = [null], mergedContextConfiguration = [WebMergedContextConfiguration@27625796 testClass = SpringWebApplicationTests, locations = '{}', classes = '{class io.turntabl.Spring.Web.SpringWebApplication}', contextInitializerClasses = '[]', activeProfiles = '{}', propertySourceLocations = '{}', propertySourceProperties = '{org.springframework.boot.test.context.SpringBootTestContextBootstrapper=true}', contextCustomizers = set[org.springframework.boot.test.autoconfigure.properties.PropertyMappingContextCustomizer@0, org.springframework.boot.test.autoconfigure.web.servlet.WebDriverContextCustomizerFactory$Customizer@62090c66, org.springframework.boot.test.context.filter.ExcludeFilterContextCustomizer@37b91f9, org.springframework.boot.test.json.DuplicateJsonObjectContextCustomizerFactory$DuplicateJsonObjectContextCustomizer@6cb61393, org.springframework.boot.test.mock.mockito.MockitoContextCustomizer@0, org.springframework.boot.test.web.client.TestRestTemplateContextCustomizer@110345f7], resourceBasePath = 'src/main/webapp', contextLoader = 'org.springframework.boot.test.context.SpringBootContextLoader', parent = [null]], attributes = map['org.springframework.test.context.web.ServletTestExecutionListener.activateListener' -> true]], class annotated with @DirtiesContext [false] with mode [null].
17:07:43.679 [Test worker] DEBUG org.springframework.test.context.support.TestPropertySourceUtils - Adding inlined properties to environment: {spring.jmx.enabled=false, org.springframework.boot.test.context.SpringBootTestContextBootstrapper=true, server.port=-1}

  .   ____          _            __ _ _
 /\\ / ___'_ __ _ _(_)_ __  __ _ \ \ \ \
( ( )\___ | '_ | '_| | '_ \/ _` | \ \ \ \
 \\/  ___)| |_)| | | | | || (_| |  ) ) ) )
  '  |____| .__|_| |_|_| |_\__, | / / / /
 =========|_|==============|___/=/_/_/_/
 :: Spring Boot ::        (v2.2.1.RELEASE)

2019-11-20 17:07:43.939  INFO 12994 --- [    Test worker] i.t.S.Web.SpringWebApplicationTests      : Starting SpringWebApplicationTests on ip-172-31-22-82 with PID 12994 (started by isaac-agyen in /home/isaac-agyen/Spring-Web)
2019-11-20 17:07:43.941  INFO 12994 --- [    Test worker] i.t.S.Web.SpringWebApplicationTests      : No active profile set, falling back to default profiles: default
2019-11-20 17:07:45.381  INFO 12994 --- [    Test worker] pertySourcedRequestMappingHandlerMapping : Mapped URL path [/v2/api-docs] onto method [springfox.documentation.swagger2.web.Swagger2Controller#getDocumentation(String, HttpServletRequest)]
2019-11-20 17:07:45.649  INFO 12994 --- [    Test worker] o.s.s.concurrent.ThreadPoolTaskExecutor  : Initializing ExecutorService 'applicationTaskExecutor'
2019-11-20 17:07:45.842  INFO 12994 --- [    Test worker] d.s.w.p.DocumentationPluginsBootstrapper : Context refreshed
2019-11-20 17:07:45.864  INFO 12994 --- [    Test worker] d.s.w.p.DocumentationPluginsBootstrapper : Found 1 custom documentation plugin(s)
2019-11-20 17:07:45.891  INFO 12994 --- [    Test worker] s.d.s.w.s.ApiListingReferenceScanner     : Scanning for api listing references
2019-11-20 17:07:46.126  INFO 12994 --- [    Test worker] i.t.S.Web.SpringWebApplicationTests      : Started SpringWebApplicationTests in 2.439 seconds (JVM running for 3.51)
]]></system-out>
  <system-err><![CDATA[]]></system-err>
</testsuite>
